INFO    : Staging deployment according to strategy default_target
INFO    : Since no target was supplied, we will use "web".

ERROR   : No build for `web` was found in the directory `C:\Users\cstaniszewski\PreTeXt\DemoMathQuiz\output\web`.
ERROR   : Try running `pretext build web` to build your project first.
INFO    : Preparing to deploy from active `main` git branch.

INFO    : Changes to project source since last commit detected.
INFO    : Committing these changes to local Git repository.

INFO    : Committing your latest build to the `gh-pages` branch.
INFO    : 
INFO    : Attempting to connect to remote repository at `https://github.com/christopherstaniszewski/DemoMathQuiz.git`...
INFO    : Latest build successfully pushed to GitHub!

INFO    : To enable GitHub Pages, visit
INFO    :     https://github.com/christopherstaniszewski/DemoMathQuiz/settings/pages
INFO    : selecting the `gh-pages` branch with the `/ (root)` folder.

INFO    : Visit
INFO    :     https://github.com/christopherstaniszewski/DemoMathQuiz/actions/
INFO    : to check on the status of your GitHub Pages deployment.

INFO    : Your built project will soon be available to the public at:
INFO    :     https://christopherstaniszewski.github.io/DemoMathQuiz/
INFO    : 
----------------------------------------------------
INFO    : While running pretext, the following errors occurred:

INFO    : (see log messages above or in the 'logs' folder for more information)
INFO    : ----------------------------------------------------
